0 info it worked if it ends with ok
1 verbose cli [ '/usr/bin/nodejs', '/usr/bin/npm', 'start' ]
2 info using npm@3.10.10
3 info using node@v6.11.2
4 verbose run-script [ 'prestart', 'start', 'poststart' ]
5 info lifecycle angular-2-heroku-boilerplate@1.0.0~prestart: angular-2-heroku-boilerplate@1.0.0
6 silly lifecycle angular-2-heroku-boilerplate@1.0.0~prestart: no script for prestart, continuing
7 info lifecycle angular-2-heroku-boilerplate@1.0.0~start: angular-2-heroku-boilerplate@1.0.0
8 verbose lifecycle angular-2-heroku-boilerplate@1.0.0~start: unsafe-perm in lifecycle true
9 verbose lifecycle angular-2-heroku-boilerplate@1.0.0~start: PATH: /usr/lib/node_modules/npm/bin/node-gyp-bin:/home/claudinei/Projetos/angular2/angular-2-heroku-boilerplate/node_modules/.bin:/opt/google-cloud-sdk/bin:/opt/apache-maven-3.3.9/bin:/usr/local/sbin:/usr/local/bin:/usr/sbin:/usr/bin:/sbin:/bin:/usr/local/cross/bin:/opt/java/jdk1.8.0_77/bin/javac:/home/claudinei/Android/Sdk/tools:/home/claudinei/Android/Sdk/platform-tools
10 verbose lifecycle angular-2-heroku-boilerplate@1.0.0~start: CWD: /home/claudinei/Projetos/angular2/angular-2-heroku-boilerplate
11 silly lifecycle angular-2-heroku-boilerplate@1.0.0~start: Args: [ '-c', 'tsc && node server.js' ]
12 silly lifecycle angular-2-heroku-boilerplate@1.0.0~start: Returned: code: 2  signal: null
13 info lifecycle angular-2-heroku-boilerplate@1.0.0~start: Failed to exec start script
14 verbose stack Error: angular-2-heroku-boilerplate@1.0.0 start: `tsc && node server.js`
14 verbose stack Exit status 2
14 verbose stack     at EventEmitter.<anonymous> (/usr/lib/node_modules/npm/lib/utils/lifecycle.js:255:16)
14 verbose stack     at emitTwo (events.js:106:13)
14 verbose stack     at EventEmitter.emit (events.js:191:7)
14 verbose stack     at ChildProcess.<anonymous> (/usr/lib/node_modules/npm/lib/utils/spawn.js:40:14)
14 verbose stack     at emitTwo (events.js:106:13)
14 verbose stack     at ChildProcess.emit (events.js:191:7)
14 verbose stack     at maybeClose (internal/child_process.js:891:16)
14 verbose stack     at Process.ChildProcess._handle.onexit (internal/child_process.js:226:5)
15 verbose pkgid angular-2-heroku-boilerplate@1.0.0
16 verbose cwd /home/claudinei/Projetos/angular2/angular-2-heroku-boilerplate
17 error Linux 3.19.0-32-generic
18 error argv "/usr/bin/nodejs" "/usr/bin/npm" "start"
19 error node v6.11.2
20 error npm  v3.10.10
21 error code ELIFECYCLE
22 error angular-2-heroku-boilerplate@1.0.0 start: `tsc && node server.js`
22 error Exit status 2
23 error Failed at the angular-2-heroku-boilerplate@1.0.0 start script 'tsc && node server.js'.
23 error Make sure you have the latest version of node.js and npm installed.
23 error If you do, this is most likely a problem with the angular-2-heroku-boilerplate package,
23 error not with npm itself.
23 error Tell the author that this fails on your system:
23 error     tsc && node server.js
23 error You can get information on how to open an issue for this project with:
23 error     npm bugs angular-2-heroku-boilerplate
23 error Or if that isn't available, you can get their info via:
23 error     npm owner ls angular-2-heroku-boilerplate
23 error There is likely additional logging output above.
24 verbose exit [ 1, true ]
